[0.516s] Invoking command in '/home/hisa/ROS2/topic_communication_with_ps4controller/src/hello': DEBUGINFOD_URLS=https://debuginfod.ubuntu.com PYTHONPATH=/home/hisa/ROS2/topic_communication_with_ps4controller/build/hello/prefix_override:/usr/lib/python3/dist-packages/colcon_core/task/python/colcon_distutils_commands:/home/hisa/ROS2/topic_communication_with_ps4controller/install/hello/lib/python3.12/site-packages:${PYTHONPATH} /usr/bin/python3 -W ignore:setup.py install is deprecated setup.py egg_info --egg-base ../../build/hello build --build-base /home/hisa/ROS2/topic_communication_with_ps4controller/build/hello/build install --record /home/hisa/ROS2/topic_communication_with_ps4controller/build/hello/install.log --single-version-externally-managed install_data
[0.678s] running egg_info
[0.690s] writing ../../build/hello/hello.egg-info/PKG-INFO
[0.690s] writing dependency_links to ../../build/hello/hello.egg-info/dependency_links.txt
[0.690s] writing entry points to ../../build/hello/hello.egg-info/entry_points.txt
[0.690s] writing requirements to ../../build/hello/hello.egg-info/requires.txt
[0.690s] writing top-level names to ../../build/hello/hello.egg-info/top_level.txt
[0.714s] reading manifest file '../../build/hello/hello.egg-info/SOURCES.txt'
[0.715s] writing manifest file '../../build/hello/hello.egg-info/SOURCES.txt'
[0.715s] running build
[0.715s] running build_py
[0.715s] running install
[0.720s] running install_lib
[0.732s] byte-compiling /home/hisa/ROS2/topic_communication_with_ps4controller/install/hello/lib/python3.12/site-packages/hello/talker_ID23.py to talker_ID23.cpython-312.pyc
[0.732s] Sorry: IndentationError: expected an indented block after function definition on line 32 (talker_ID23.py, line 33)
[0.732s] running install_data
[0.732s] running install_egg_info
[0.744s] removing '/home/hisa/ROS2/topic_communication_with_ps4controller/install/hello/lib/python3.12/site-packages/hello-0.0.0-py3.12.egg-info' (and everything under it)
[0.744s] Copying ../../build/hello/hello.egg-info to /home/hisa/ROS2/topic_communication_with_ps4controller/install/hello/lib/python3.12/site-packages/hello-0.0.0-py3.12.egg-info
[0.745s] running install_scripts
[0.828s] Installing listener_robo1 script to /home/hisa/ROS2/topic_communication_with_ps4controller/install/hello/lib/hello
[0.828s] Installing listener_robo2-1 script to /home/hisa/ROS2/topic_communication_with_ps4controller/install/hello/lib/hello
[0.828s] Installing listener_robo2-2 script to /home/hisa/ROS2/topic_communication_with_ps4controller/install/hello/lib/hello
[0.828s] Installing talker script to /home/hisa/ROS2/topic_communication_with_ps4controller/install/hello/lib/hello
[0.828s] writing list of installed files to '/home/hisa/ROS2/topic_communication_with_ps4controller/build/hello/install.log'
[0.855s] Invoked command in '/home/hisa/ROS2/topic_communication_with_ps4controller/src/hello' returned '0': DEBUGINFOD_URLS=https://debuginfod.ubuntu.com PYTHONPATH=/home/hisa/ROS2/topic_communication_with_ps4controller/build/hello/prefix_override:/usr/lib/python3/dist-packages/colcon_core/task/python/colcon_distutils_commands:/home/hisa/ROS2/topic_communication_with_ps4controller/install/hello/lib/python3.12/site-packages:${PYTHONPATH} /usr/bin/python3 -W ignore:setup.py install is deprecated setup.py egg_info --egg-base ../../build/hello build --build-base /home/hisa/ROS2/topic_communication_with_ps4controller/build/hello/build install --record /home/hisa/ROS2/topic_communication_with_ps4controller/build/hello/install.log --single-version-externally-managed install_data
