[0.136s] Invoking command in '/home/hisa/ROS2/topic_communication_with_ps4controller/build/hello_interfaces': CMAKE_PREFIX_PATH=${CMAKE_PREFIX_PATH}:/opt/ros/jazzy DEBUGINFOD_URLS=https://debuginfod.ubuntu.com /usr/bin/cmake /home/hisa/ROS2/topic_communication_with_ps4controller/src/hello_interfaces -DCMAKE_INSTALL_PREFIX=/home/hisa/ROS2/topic_communication_with_ps4controller/install/hello_interfaces
[0.230s] -- The C compiler identification is GNU 13.2.0
[0.308s] -- The CXX compiler identification is GNU 13.2.0
[0.325s] -- Detecting C compiler ABI info
[0.398s] -- Detecting C compiler ABI info - done
[0.404s] -- Check for working C compiler: /usr/bin/cc - skipped
[0.405s] -- Detecting C compile features
[0.405s] -- Detecting C compile features - done
[0.413s] -- Detecting CXX compiler ABI info
[0.493s] -- Detecting CXX compiler ABI info - done
[0.499s] -- Check for working CXX compiler: /usr/bin/c++ - skipped
[0.499s] -- Detecting CXX compile features
[0.500s] -- Detecting CXX compile features - done
[0.503s] -- Found ament_cmake: 2.5.2 (/opt/ros/jazzy/share/ament_cmake/cmake)
[0.604s] -- Found Python3: /usr/bin/python3 (found version "3.12.3") found components: Interpreter 
[0.688s] -- Found rosidl_default_generators: 1.6.0 (/opt/ros/jazzy/share/rosidl_default_generators/cmake)
[0.693s] -- Using all available rosidl_typesupport_c: rosidl_typesupport_fastrtps_c;rosidl_typesupport_introspection_c
[0.737s] -- Using all available rosidl_typesupport_cpp: rosidl_typesupport_fastrtps_cpp;rosidl_typesupport_introspection_cpp
[0.773s] -- Found rosidl_adapter: 4.6.3 (/opt/ros/jazzy/share/rosidl_adapter/cmake)
[1.166s] -- Found ament_cmake_ros: 0.12.0 (/opt/ros/jazzy/share/ament_cmake_ros/cmake)
[1.459s] -- Using all available rosidl_typesupport_c: rosidl_typesupport_fastrtps_c;rosidl_typesupport_introspection_c
[1.852s] -- Using all available rosidl_typesupport_cpp: rosidl_typesupport_fastrtps_cpp;rosidl_typesupport_introspection_cpp
[1.855s] -- Found python_cmake_module: 0.11.1 (/opt/ros/jazzy/share/python_cmake_module/cmake)
[1.951s] -- Found PythonExtra: /usr/bin/python3  
[2.322s] -- Found Python3: /usr/bin/python3 (found version "3.12.3") found components: Interpreter Development NumPy Development.Module Development.Embed 
[2.345s] -- Found ament_lint_auto: 0.17.1 (/opt/ros/jazzy/share/ament_lint_auto/cmake)
[2.366s] -- Added test 'lint_cmake' to check CMake code style
[2.367s] -- Added test 'xmllint' to check XML markup files
[2.369s] -- Configuring done (2.2s)
[2.394s] -- Generating done (0.0s)
[2.396s] -- Build files have been written to: /home/hisa/ROS2/topic_communication_with_ps4controller/build/hello_interfaces
[2.403s] Invoked command in '/home/hisa/ROS2/topic_communication_with_ps4controller/build/hello_interfaces' returned '0': CMAKE_PREFIX_PATH=${CMAKE_PREFIX_PATH}:/opt/ros/jazzy DEBUGINFOD_URLS=https://debuginfod.ubuntu.com /usr/bin/cmake /home/hisa/ROS2/topic_communication_with_ps4controller/src/hello_interfaces -DCMAKE_INSTALL_PREFIX=/home/hisa/ROS2/topic_communication_with_ps4controller/install/hello_interfaces
[2.403s] Invoking command in '/home/hisa/ROS2/topic_communication_with_ps4controller/build/hello_interfaces': CMAKE_PREFIX_PATH=${CMAKE_PREFIX_PATH}:/opt/ros/jazzy DEBUGINFOD_URLS=https://debuginfod.ubuntu.com /usr/bin/cmake --build /home/hisa/ROS2/topic_communication_with_ps4controller/build/hello_interfaces -- -j16 -l16
[2.444s] [  2%] [34m[1mGenerating type hashes for ROS interfaces[0m
[2.451s] [  2%] Built target ament_cmake_python_copy_hello_interfaces
[2.568s] [  2%] Built target hello_interfaces__rosidl_generator_type_description
[2.576s] [  5%] [34m[1mGenerating C code for ROS interfaces[0m
[2.582s] running egg_info
[2.582s] creating hello_interfaces.egg-info
[2.584s] [  8%] [34m[1mGenerating C++ code for ROS interfaces[0m
[2.593s] writing hello_interfaces.egg-info/PKG-INFO
[2.593s] writing dependency_links to hello_interfaces.egg-info/dependency_links.txt
[2.593s] writing top-level names to hello_interfaces.egg-info/top_level.txt
[2.594s] writing manifest file 'hello_interfaces.egg-info/SOURCES.txt'
[2.626s] reading manifest file 'hello_interfaces.egg-info/SOURCES.txt'
[2.627s] writing manifest file 'hello_interfaces.egg-info/SOURCES.txt'
[2.648s] [  8%] Built target ament_cmake_python_build_hello_interfaces_egg
[2.731s] [  8%] Built target hello_interfaces__cpp
[2.740s] [ 17%] [32mBuilding C object CMakeFiles/hello_interfaces__rosidl_generator_c.dir/rosidl_generator_c/hello_interfaces/msg/detail/my_string__description.c.o[0m
[2.740s] [ 17%] [32mBuilding C object CMakeFiles/hello_interfaces__rosidl_generator_c.dir/rosidl_generator_c/hello_interfaces/msg/detail/my_string__type_support.c.o[0m
[2.740s] [ 17%] [32mBuilding C object CMakeFiles/hello_interfaces__rosidl_generator_c.dir/rosidl_generator_c/hello_interfaces/msg/detail/my_string__functions.c.o[0m
[2.778s] [ 20%] [32m[1mLinking C shared library libhello_interfaces__rosidl_generator_c.so[0m
[2.808s] [ 20%] Built target hello_interfaces__rosidl_generator_c
[2.816s] [ 38%] [34m[1mGenerating C++ type support for eProsima Fast-RTPS[0m
[2.817s] [ 38%] [34m[1mGenerating C introspection for ROS interfaces[0m
[2.817s] [ 38%] [34m[1mGenerating C type support for eProsima Fast-RTPS[0m
[2.817s] [ 38%] [34m[1mGenerating C++ introspection for ROS interfaces[0m
[2.817s] [ 38%] [34m[1mGenerating C++ type support dispatch for ROS interfaces[0m
[2.817s] [ 38%] [34m[1mGenerating C type support dispatch for ROS interfaces[0m
[2.972s] [ 44%] [32mBuilding CXX object CMakeFiles/hello_interfaces__rosidl_typesupport_introspection_cpp.dir/rosidl_typesupport_introspection_cpp/hello_interfaces/msg/detail/my_string__type_support.cpp.o[0m
[2.972s] [ 44%] [32mBuilding C object CMakeFiles/hello_interfaces__rosidl_typesupport_introspection_c.dir/rosidl_typesupport_introspection_c/hello_interfaces/msg/detail/my_string__type_support.c.o[0m
[2.974s] [ 47%] [32mBuilding CXX object CMakeFiles/hello_interfaces__rosidl_typesupport_cpp.dir/rosidl_typesupport_cpp/hello_interfaces/msg/my_string__type_support.cpp.o[0m
[2.979s] [ 52%] [32mBuilding CXX object CMakeFiles/hello_interfaces__rosidl_typesupport_c.dir/rosidl_typesupport_c/hello_interfaces/msg/my_string__type_support.cpp.o[0m
[2.979s] [ 52%] [32mBuilding CXX object CMakeFiles/hello_interfaces__rosidl_typesupport_fastrtps_cpp.dir/rosidl_typesupport_fastrtps_cpp/hello_interfaces/msg/detail/dds_fastrtps/my_string__type_support.cpp.o[0m
[2.982s] [ 55%] [32mBuilding CXX object CMakeFiles/hello_interfaces__rosidl_typesupport_fastrtps_c.dir/rosidl_typesupport_fastrtps_c/hello_interfaces/msg/detail/my_string__type_support_c.cpp.o[0m
[3.003s] [ 58%] [32m[1mLinking C shared library libhello_interfaces__rosidl_typesupport_introspection_c.so[0m
[3.014s] [ 61%] [32m[1mLinking CXX shared library libhello_interfaces__rosidl_typesupport_c.so[0m
[3.029s] [ 61%] Built target hello_interfaces__rosidl_typesupport_introspection_c
[3.047s] [ 61%] Built target hello_interfaces__rosidl_typesupport_c
[3.197s] [ 64%] [32m[1mLinking CXX shared library libhello_interfaces__rosidl_typesupport_cpp.so[0m
[3.204s] [ 67%] [32m[1mLinking CXX shared library libhello_interfaces__rosidl_typesupport_introspection_cpp.so[0m
[3.230s] [ 67%] Built target hello_interfaces__rosidl_typesupport_cpp
[3.253s] [ 67%] Built target hello_interfaces__rosidl_typesupport_introspection_cpp
[3.324s] [ 70%] [32m[1mLinking CXX shared library libhello_interfaces__rosidl_typesupport_fastrtps_c.so[0m
[3.328s] [ 73%] [32m[1mLinking CXX shared library libhello_interfaces__rosidl_typesupport_fastrtps_cpp.so[0m
[3.386s] [ 73%] Built target hello_interfaces__rosidl_typesupport_fastrtps_c
[3.387s] [ 73%] Built target hello_interfaces__rosidl_typesupport_fastrtps_cpp
[3.403s] [ 73%] Built target hello_interfaces
[3.419s] [ 76%] [34m[1mGenerating Python code for ROS interfaces[0m
[3.577s] [ 76%] Built target hello_interfaces__py
[3.593s] [ 79%] [32mBuilding C object CMakeFiles/hello_interfaces__rosidl_generator_py.dir/rosidl_generator_py/hello_interfaces/msg/_my_string_s.c.o[0m
[3.681s] [ 82%] [32m[1mLinking C shared library libhello_interfaces__rosidl_generator_py.so[0m
[3.714s] [ 82%] Built target hello_interfaces__rosidl_generator_py
[3.731s] [ 91%] [32mBuilding C object CMakeFiles/hello_interfaces_s__rosidl_typesupport_c.dir/rosidl_generator_py/hello_interfaces/_hello_interfaces_s.ep.rosidl_typesupport_c.c.o[0m
[3.731s] [ 91%] [32mBuilding C object CMakeFiles/hello_interfaces_s__rosidl_typesupport_fastrtps_c.dir/rosidl_generator_py/hello_interfaces/_hello_interfaces_s.ep.rosidl_typesupport_fastrtps_c.c.o[0m
[3.731s] [ 91%] [32mBuilding C object CMakeFiles/hello_interfaces_s__rosidl_typesupport_introspection_c.dir/rosidl_generator_py/hello_interfaces/_hello_interfaces_s.ep.rosidl_typesupport_introspection_c.c.o[0m
[3.805s] [ 94%] [32m[1mLinking C shared module rosidl_generator_py/hello_interfaces/hello_interfaces_s__rosidl_typesupport_introspection_c.so[0m
[3.807s] [100%] [32m[1mLinking C shared module rosidl_generator_py/hello_interfaces/hello_interfaces_s__rosidl_typesupport_c.so[0m
[3.807s] [100%] [32m[1mLinking C shared module rosidl_generator_py/hello_interfaces/hello_interfaces_s__rosidl_typesupport_fastrtps_c.so[0m
[3.829s] [100%] Built target hello_interfaces_s__rosidl_typesupport_introspection_c
[3.829s] [100%] Built target hello_interfaces_s__rosidl_typesupport_c
[3.829s] [100%] Built target hello_interfaces_s__rosidl_typesupport_fastrtps_c
[3.840s] Invoked command in '/home/hisa/ROS2/topic_communication_with_ps4controller/build/hello_interfaces' returned '0': CMAKE_PREFIX_PATH=${CMAKE_PREFIX_PATH}:/opt/ros/jazzy DEBUGINFOD_URLS=https://debuginfod.ubuntu.com /usr/bin/cmake --build /home/hisa/ROS2/topic_communication_with_ps4controller/build/hello_interfaces -- -j16 -l16
[3.895s] Invoking command in '/home/hisa/ROS2/topic_communication_with_ps4controller/build/hello_interfaces': CMAKE_PREFIX_PATH=${CMAKE_PREFIX_PATH}:/opt/ros/jazzy DEBUGINFOD_URLS=https://debuginfod.ubuntu.com /usr/bin/cmake --install /home/hisa/ROS2/topic_communication_with_ps4controller/build/hello_interfaces
[3.902s] -- Install configuration: ""
[3.902s] -- Installing: /home/hisa/ROS2/topic_communication_with_ps4controller/install/hello_interfaces/share/ament_index/resource_index/rosidl_interfaces/hello_interfaces
[3.902s] -- Installing: /home/hisa/ROS2/topic_communication_with_ps4controller/install/hello_interfaces/share/hello_interfaces/msg/MyString.json
[3.902s] -- Installing: /home/hisa/ROS2/topic_communication_with_ps4controller/install/hello_interfaces/include/hello_interfaces/hello_interfaces
[3.902s] -- Installing: /home/hisa/ROS2/topic_communication_with_ps4controller/install/hello_interfaces/include/hello_interfaces/hello_interfaces/msg
[3.902s] -- Installing: /home/hisa/ROS2/topic_communication_with_ps4controller/install/hello_interfaces/include/hello_interfaces/hello_interfaces/msg/rosidl_generator_c__visibility_control.h
[3.903s] -- Installing: /home/hisa/ROS2/topic_communication_with_ps4controller/install/hello_interfaces/include/hello_interfaces/hello_interfaces/msg/my_string.h
[3.903s] -- Installing: /home/hisa/ROS2/topic_communication_with_ps4controller/install/hello_interfaces/include/hello_interfaces/hello_interfaces/msg/detail
[3.903s] -- Installing: /home/hisa/ROS2/topic_communication_with_ps4controller/install/hello_interfaces/include/hello_interfaces/hello_interfaces/msg/detail/my_string__struct.h
[3.903s] -- Installing: /home/hisa/ROS2/topic_communication_with_ps4controller/install/hello_interfaces/include/hello_interfaces/hello_interfaces/msg/detail/my_string__description.c
[3.903s] -- Installing: /home/hisa/ROS2/topic_communication_with_ps4controller/install/hello_interfaces/include/hello_interfaces/hello_interfaces/msg/detail/my_string__functions.h
[3.903s] -- Installing: /home/hisa/ROS2/topic_communication_with_ps4controller/install/hello_interfaces/include/hello_interfaces/hello_interfaces/msg/detail/my_string__functions.c
[3.903s] -- Installing: /home/hisa/ROS2/topic_communication_with_ps4controller/install/hello_interfaces/include/hello_interfaces/hello_interfaces/msg/detail/my_string__type_support.h
[3.903s] -- Installing: /home/hisa/ROS2/topic_communication_with_ps4controller/install/hello_interfaces/include/hello_interfaces/hello_interfaces/msg/detail/my_string__type_support.c
[3.903s] -- Installing: /home/hisa/ROS2/topic_communication_with_ps4controller/install/hello_interfaces/share/hello_interfaces/environment/library_path.sh
[3.903s] -- Installing: /home/hisa/ROS2/topic_communication_with_ps4controller/install/hello_interfaces/share/hello_interfaces/environment/library_path.dsv
[3.904s] -- Installing: /home/hisa/ROS2/topic_communication_with_ps4controller/install/hello_interfaces/lib/libhello_interfaces__rosidl_generator_c.so
[3.904s] -- Set non-toolchain portion of runtime path of "/home/hisa/ROS2/topic_communication_with_ps4controller/install/hello_interfaces/lib/libhello_interfaces__rosidl_generator_c.so" to ""
[3.904s] -- Up-to-date: /home/hisa/ROS2/topic_communication_with_ps4controller/install/hello_interfaces/include/hello_interfaces/hello_interfaces
[3.904s] -- Up-to-date: /home/hisa/ROS2/topic_communication_with_ps4controller/install/hello_interfaces/include/hello_interfaces/hello_interfaces/msg
[3.904s] -- Installing: /home/hisa/ROS2/topic_communication_with_ps4controller/install/hello_interfaces/include/hello_interfaces/hello_interfaces/msg/rosidl_typesupport_fastrtps_c__visibility_control.h
[3.904s] -- Up-to-date: /home/hisa/ROS2/topic_communication_with_ps4controller/install/hello_interfaces/include/hello_interfaces/hello_interfaces/msg/detail
[3.904s] -- Installing: /home/hisa/ROS2/topic_communication_with_ps4controller/install/hello_interfaces/include/hello_interfaces/hello_interfaces/msg/detail/my_string__rosidl_typesupport_fastrtps_c.h
[3.904s] -- Installing: /home/hisa/ROS2/topic_communication_with_ps4controller/install/hello_interfaces/lib/libhello_interfaces__rosidl_typesupport_fastrtps_c.so
[3.904s] -- Set non-toolchain portion of runtime path of "/home/hisa/ROS2/topic_communication_with_ps4controller/install/hello_interfaces/lib/libhello_interfaces__rosidl_typesupport_fastrtps_c.so" to ""
[3.904s] -- Up-to-date: /home/hisa/ROS2/topic_communication_with_ps4controller/install/hello_interfaces/include/hello_interfaces/hello_interfaces
[3.904s] -- Up-to-date: /home/hisa/ROS2/topic_communication_with_ps4controller/install/hello_interfaces/include/hello_interfaces/hello_interfaces/msg
[3.904s] -- Installing: /home/hisa/ROS2/topic_communication_with_ps4controller/install/hello_interfaces/include/hello_interfaces/hello_interfaces/msg/rosidl_typesupport_introspection_c__visibility_control.h
[3.905s] -- Up-to-date: /home/hisa/ROS2/topic_communication_with_ps4controller/install/hello_interfaces/include/hello_interfaces/hello_interfaces/msg/detail
[3.905s] -- Installing: /home/hisa/ROS2/topic_communication_with_ps4controller/install/hello_interfaces/include/hello_interfaces/hello_interfaces/msg/detail/my_string__rosidl_typesupport_introspection_c.h
[3.905s] -- Up-to-date: /home/hisa/ROS2/topic_communication_with_ps4controller/install/hello_interfaces/include/hello_interfaces/hello_interfaces/msg/detail/my_string__type_support.c
[3.905s] -- Installing: /home/hisa/ROS2/topic_communication_with_ps4controller/install/hello_interfaces/lib/libhello_interfaces__rosidl_typesupport_introspection_c.so
[3.905s] -- Set non-toolchain portion of runtime path of "/home/hisa/ROS2/topic_communication_with_ps4controller/install/hello_interfaces/lib/libhello_interfaces__rosidl_typesupport_introspection_c.so" to ""
[3.905s] -- Installing: /home/hisa/ROS2/topic_communication_with_ps4controller/install/hello_interfaces/lib/libhello_interfaces__rosidl_typesupport_c.so
[3.905s] -- Set non-toolchain portion of runtime path of "/home/hisa/ROS2/topic_communication_with_ps4controller/install/hello_interfaces/lib/libhello_interfaces__rosidl_typesupport_c.so" to ""
[3.905s] -- Up-to-date: /home/hisa/ROS2/topic_communication_with_ps4controller/install/hello_interfaces/include/hello_interfaces/hello_interfaces
[3.905s] -- Up-to-date: /home/hisa/ROS2/topic_communication_with_ps4controller/install/hello_interfaces/include/hello_interfaces/hello_interfaces/msg
[3.905s] -- Installing: /home/hisa/ROS2/topic_communication_with_ps4controller/install/hello_interfaces/include/hello_interfaces/hello_interfaces/msg/rosidl_generator_cpp__visibility_control.hpp
[3.905s] -- Up-to-date: /home/hisa/ROS2/topic_communication_with_ps4controller/install/hello_interfaces/include/hello_interfaces/hello_interfaces/msg/detail
[3.905s] -- Installing: /home/hisa/ROS2/topic_communication_with_ps4controller/install/hello_interfaces/include/hello_interfaces/hello_interfaces/msg/detail/my_string__struct.hpp
[3.906s] -- Installing: /home/hisa/ROS2/topic_communication_with_ps4controller/install/hello_interfaces/include/hello_interfaces/hello_interfaces/msg/detail/my_string__type_support.hpp
[3.906s] -- Installing: /home/hisa/ROS2/topic_communication_with_ps4controller/install/hello_interfaces/include/hello_interfaces/hello_interfaces/msg/detail/my_string__builder.hpp
[3.906s] -- Installing: /home/hisa/ROS2/topic_communication_with_ps4controller/install/hello_interfaces/include/hello_interfaces/hello_interfaces/msg/detail/my_string__traits.hpp
[3.906s] -- Installing: /home/hisa/ROS2/topic_communication_with_ps4controller/install/hello_interfaces/include/hello_interfaces/hello_interfaces/msg/my_string.hpp
[3.906s] -- Up-to-date: /home/hisa/ROS2/topic_communication_with_ps4controller/install/hello_interfaces/include/hello_interfaces/hello_interfaces
[3.906s] -- Up-to-date: /home/hisa/ROS2/topic_communication_with_ps4controller/install/hello_interfaces/include/hello_interfaces/hello_interfaces/msg
[3.906s] -- Up-to-date: /home/hisa/ROS2/topic_communication_with_ps4controller/install/hello_interfaces/include/hello_interfaces/hello_interfaces/msg/detail
[3.906s] -- Installing: /home/hisa/ROS2/topic_communication_with_ps4controller/install/hello_interfaces/include/hello_interfaces/hello_interfaces/msg/detail/my_string__rosidl_typesupport_fastrtps_cpp.hpp
[3.906s] -- Installing: /home/hisa/ROS2/topic_communication_with_ps4controller/install/hello_interfaces/include/hello_interfaces/hello_interfaces/msg/detail/dds_fastrtps
[3.906s] -- Installing: /home/hisa/ROS2/topic_communication_with_ps4controller/install/hello_interfaces/include/hello_interfaces/hello_interfaces/msg/rosidl_typesupport_fastrtps_cpp__visibility_control.h
[3.906s] -- Installing: /home/hisa/ROS2/topic_communication_with_ps4controller/install/hello_interfaces/lib/libhello_interfaces__rosidl_typesupport_fastrtps_cpp.so
[3.907s] -- Set non-toolchain portion of runtime path of "/home/hisa/ROS2/topic_communication_with_ps4controller/install/hello_interfaces/lib/libhello_interfaces__rosidl_typesupport_fastrtps_cpp.so" to ""
[3.907s] -- Up-to-date: /home/hisa/ROS2/topic_communication_with_ps4controller/install/hello_interfaces/include/hello_interfaces/hello_interfaces
[3.907s] -- Up-to-date: /home/hisa/ROS2/topic_communication_with_ps4controller/install/hello_interfaces/include/hello_interfaces/hello_interfaces/msg
[3.907s] -- Up-to-date: /home/hisa/ROS2/topic_communication_with_ps4controller/install/hello_interfaces/include/hello_interfaces/hello_interfaces/msg/detail
[3.907s] -- Installing: /home/hisa/ROS2/topic_communication_with_ps4controller/install/hello_interfaces/include/hello_interfaces/hello_interfaces/msg/detail/my_string__rosidl_typesupport_introspection_cpp.hpp
[3.907s] -- Installing: /home/hisa/ROS2/topic_communication_with_ps4controller/install/hello_interfaces/include/hello_interfaces/hello_interfaces/msg/detail/my_string__type_support.cpp
[3.907s] -- Installing: /home/hisa/ROS2/topic_communication_with_ps4controller/install/hello_interfaces/lib/libhello_interfaces__rosidl_typesupport_introspection_cpp.so
[3.907s] -- Set non-toolchain portion of runtime path of "/home/hisa/ROS2/topic_communication_with_ps4controller/install/hello_interfaces/lib/libhello_interfaces__rosidl_typesupport_introspection_cpp.so" to ""
[3.907s] -- Installing: /home/hisa/ROS2/topic_communication_with_ps4controller/install/hello_interfaces/lib/libhello_interfaces__rosidl_typesupport_cpp.so
[3.908s] -- Set non-toolchain portion of runtime path of "/home/hisa/ROS2/topic_communication_with_ps4controller/install/hello_interfaces/lib/libhello_interfaces__rosidl_typesupport_cpp.so" to ""
[3.908s] -- Installing: /home/hisa/ROS2/topic_communication_with_ps4controller/install/hello_interfaces/share/hello_interfaces/environment/pythonpath.sh
[3.908s] -- Installing: /home/hisa/ROS2/topic_communication_with_ps4controller/install/hello_interfaces/share/hello_interfaces/environment/pythonpath.dsv
[3.908s] -- Installing: /home/hisa/ROS2/topic_communication_with_ps4controller/install/hello_interfaces/lib/python3.12/site-packages/hello_interfaces-0.0.0-py3.12.egg-info
[3.908s] -- Installing: /home/hisa/ROS2/topic_communication_with_ps4controller/install/hello_interfaces/lib/python3.12/site-packages/hello_interfaces-0.0.0-py3.12.egg-info/dependency_links.txt
[3.908s] -- Installing: /home/hisa/ROS2/topic_communication_with_ps4controller/install/hello_interfaces/lib/python3.12/site-packages/hello_interfaces-0.0.0-py3.12.egg-info/top_level.txt
[3.908s] -- Installing: /home/hisa/ROS2/topic_communication_with_ps4controller/install/hello_interfaces/lib/python3.12/site-packages/hello_interfaces-0.0.0-py3.12.egg-info/SOURCES.txt
[3.908s] -- Installing: /home/hisa/ROS2/topic_communication_with_ps4controller/install/hello_interfaces/lib/python3.12/site-packages/hello_interfaces-0.0.0-py3.12.egg-info/PKG-INFO
[3.908s] -- Installing: /home/hisa/ROS2/topic_communication_with_ps4controller/install/hello_interfaces/lib/python3.12/site-packages/hello_interfaces
[3.909s] -- Installing: /home/hisa/ROS2/topic_communication_with_ps4controller/install/hello_interfaces/lib/python3.12/site-packages/hello_interfaces/__init__.py
[3.909s] -- Installing: /home/hisa/ROS2/topic_communication_with_ps4controller/install/hello_interfaces/lib/python3.12/site-packages/hello_interfaces/hello_interfaces_s__rosidl_typesupport_c.so
[3.909s] -- Installing: /home/hisa/ROS2/topic_communication_with_ps4controller/install/hello_interfaces/lib/python3.12/site-packages/hello_interfaces/_hello_interfaces_s.ep.rosidl_typesupport_introspection_c.c
[3.909s] -- Installing: /home/hisa/ROS2/topic_communication_with_ps4controller/install/hello_interfaces/lib/python3.12/site-packages/hello_interfaces/msg
[3.909s] -- Installing: /home/hisa/ROS2/topic_communication_with_ps4controller/install/hello_interfaces/lib/python3.12/site-packages/hello_interfaces/msg/__init__.py
[3.909s] -- Installing: /home/hisa/ROS2/topic_communication_with_ps4controller/install/hello_interfaces/lib/python3.12/site-packages/hello_interfaces/msg/_my_string.py
[3.909s] -- Installing: /home/hisa/ROS2/topic_communication_with_ps4controller/install/hello_interfaces/lib/python3.12/site-packages/hello_interfaces/msg/_my_string_s.c
[3.909s] -- Installing: /home/hisa/ROS2/topic_communication_with_ps4controller/install/hello_interfaces/lib/python3.12/site-packages/hello_interfaces/_hello_interfaces_s.ep.rosidl_typesupport_fastrtps_c.c
[3.909s] -- Installing: /home/hisa/ROS2/topic_communication_with_ps4controller/install/hello_interfaces/lib/python3.12/site-packages/hello_interfaces/hello_interfaces_s__rosidl_typesupport_fastrtps_c.so
[3.909s] -- Installing: /home/hisa/ROS2/topic_communication_with_ps4controller/install/hello_interfaces/lib/python3.12/site-packages/hello_interfaces/_hello_interfaces_s.ep.rosidl_typesupport_c.c
[3.910s] -- Installing: /home/hisa/ROS2/topic_communication_with_ps4controller/install/hello_interfaces/lib/python3.12/site-packages/hello_interfaces/hello_interfaces_s__rosidl_typesupport_introspection_c.so
[3.936s] Listing '/home/hisa/ROS2/topic_communication_with_ps4controller/install/hello_interfaces/lib/python3.12/site-packages/hello_interfaces'...
[3.936s] Compiling '/home/hisa/ROS2/topic_communication_with_ps4controller/install/hello_interfaces/lib/python3.12/site-packages/hello_interfaces/__init__.py'...
[3.936s] Listing '/home/hisa/ROS2/topic_communication_with_ps4controller/install/hello_interfaces/lib/python3.12/site-packages/hello_interfaces/msg'...
[3.936s] Compiling '/home/hisa/ROS2/topic_communication_with_ps4controller/install/hello_interfaces/lib/python3.12/site-packages/hello_interfaces/msg/__init__.py'...
[3.936s] Compiling '/home/hisa/ROS2/topic_communication_with_ps4controller/install/hello_interfaces/lib/python3.12/site-packages/hello_interfaces/msg/_my_string.py'...
[3.940s] -- Installing: /home/hisa/ROS2/topic_communication_with_ps4controller/install/hello_interfaces/lib/python3.12/site-packages/hello_interfaces/hello_interfaces_s__rosidl_typesupport_fastrtps_c.so
[3.940s] -- Set non-toolchain portion of runtime path of "/home/hisa/ROS2/topic_communication_with_ps4controller/install/hello_interfaces/lib/python3.12/site-packages/hello_interfaces/hello_interfaces_s__rosidl_typesupport_fastrtps_c.so" to ""
[3.941s] -- Installing: /home/hisa/ROS2/topic_communication_with_ps4controller/install/hello_interfaces/lib/python3.12/site-packages/hello_interfaces/hello_interfaces_s__rosidl_typesupport_introspection_c.so
[3.941s] -- Set non-toolchain portion of runtime path of "/home/hisa/ROS2/topic_communication_with_ps4controller/install/hello_interfaces/lib/python3.12/site-packages/hello_interfaces/hello_interfaces_s__rosidl_typesupport_introspection_c.so" to ""
[3.941s] -- Installing: /home/hisa/ROS2/topic_communication_with_ps4controller/install/hello_interfaces/lib/python3.12/site-packages/hello_interfaces/hello_interfaces_s__rosidl_typesupport_c.so
[3.941s] -- Set non-toolchain portion of runtime path of "/home/hisa/ROS2/topic_communication_with_ps4controller/install/hello_interfaces/lib/python3.12/site-packages/hello_interfaces/hello_interfaces_s__rosidl_typesupport_c.so" to ""
[3.941s] -- Installing: /home/hisa/ROS2/topic_communication_with_ps4controller/install/hello_interfaces/lib/libhello_interfaces__rosidl_generator_py.so
[3.942s] -- Set non-toolchain portion of runtime path of "/home/hisa/ROS2/topic_communication_with_ps4controller/install/hello_interfaces/lib/libhello_interfaces__rosidl_generator_py.so" to ""
[3.942s] -- Installing: /home/hisa/ROS2/topic_communication_with_ps4controller/install/hello_interfaces/share/hello_interfaces/msg/MyString.idl
[3.942s] -- Installing: /home/hisa/ROS2/topic_communication_with_ps4controller/install/hello_interfaces/share/hello_interfaces/msg/MyString.msg
[3.942s] -- Installing: /home/hisa/ROS2/topic_communication_with_ps4controller/install/hello_interfaces/share/ament_index/resource_index/package_run_dependencies/hello_interfaces
[3.942s] -- Installing: /home/hisa/ROS2/topic_communication_with_ps4controller/install/hello_interfaces/share/ament_index/resource_index/parent_prefix_path/hello_interfaces
[3.942s] -- Installing: /home/hisa/ROS2/topic_communication_with_ps4controller/install/hello_interfaces/share/hello_interfaces/environment/ament_prefix_path.sh
[3.942s] -- Installing: /home/hisa/ROS2/topic_communication_with_ps4controller/install/hello_interfaces/share/hello_interfaces/environment/ament_prefix_path.dsv
[3.942s] -- Installing: /home/hisa/ROS2/topic_communication_with_ps4controller/install/hello_interfaces/share/hello_interfaces/environment/path.sh
[3.943s] -- Installing: /home/hisa/ROS2/topic_communication_with_ps4controller/install/hello_interfaces/share/hello_interfaces/environment/path.dsv
[3.943s] -- Installing: /home/hisa/ROS2/topic_communication_with_ps4controller/install/hello_interfaces/share/hello_interfaces/local_setup.bash
[3.943s] -- Installing: /home/hisa/ROS2/topic_communication_with_ps4controller/install/hello_interfaces/share/hello_interfaces/local_setup.sh
[3.943s] -- Installing: /home/hisa/ROS2/topic_communication_with_ps4controller/install/hello_interfaces/share/hello_interfaces/local_setup.zsh
[3.943s] -- Installing: /home/hisa/ROS2/topic_communication_with_ps4controller/install/hello_interfaces/share/hello_interfaces/local_setup.dsv
[3.943s] -- Installing: /home/hisa/ROS2/topic_communication_with_ps4controller/install/hello_interfaces/share/hello_interfaces/package.dsv
[3.943s] -- Installing: /home/hisa/ROS2/topic_communication_with_ps4controller/install/hello_interfaces/share/ament_index/resource_index/packages/hello_interfaces
[3.943s] -- Installing: /home/hisa/ROS2/topic_communication_with_ps4controller/install/hello_interfaces/share/hello_interfaces/cmake/export_hello_interfaces__rosidl_generator_cExport.cmake
[3.944s] -- Installing: /home/hisa/ROS2/topic_communication_with_ps4controller/install/hello_interfaces/share/hello_interfaces/cmake/export_hello_interfaces__rosidl_generator_cExport-noconfig.cmake
[3.944s] -- Installing: /home/hisa/ROS2/topic_communication_with_ps4controller/install/hello_interfaces/share/hello_interfaces/cmake/export_hello_interfaces__rosidl_typesupport_fastrtps_cExport.cmake
[3.944s] -- Installing: /home/hisa/ROS2/topic_communication_with_ps4controller/install/hello_interfaces/share/hello_interfaces/cmake/export_hello_interfaces__rosidl_typesupport_fastrtps_cExport-noconfig.cmake
[3.944s] -- Installing: /home/hisa/ROS2/topic_communication_with_ps4controller/install/hello_interfaces/share/hello_interfaces/cmake/hello_interfaces__rosidl_typesupport_introspection_cExport.cmake
[3.944s] -- Installing: /home/hisa/ROS2/topic_communication_with_ps4controller/install/hello_interfaces/share/hello_interfaces/cmake/hello_interfaces__rosidl_typesupport_introspection_cExport-noconfig.cmake
[3.944s] -- Installing: /home/hisa/ROS2/topic_communication_with_ps4controller/install/hello_interfaces/share/hello_interfaces/cmake/hello_interfaces__rosidl_typesupport_cExport.cmake
[3.944s] -- Installing: /home/hisa/ROS2/topic_communication_with_ps4controller/install/hello_interfaces/share/hello_interfaces/cmake/hello_interfaces__rosidl_typesupport_cExport-noconfig.cmake
[3.944s] -- Installing: /home/hisa/ROS2/topic_communication_with_ps4controller/install/hello_interfaces/share/hello_interfaces/cmake/export_hello_interfaces__rosidl_generator_cppExport.cmake
[3.945s] -- Installing: /home/hisa/ROS2/topic_communication_with_ps4controller/install/hello_interfaces/share/hello_interfaces/cmake/export_hello_interfaces__rosidl_typesupport_fastrtps_cppExport.cmake
[3.945s] -- Installing: /home/hisa/ROS2/topic_communication_with_ps4controller/install/hello_interfaces/share/hello_interfaces/cmake/export_hello_interfaces__rosidl_typesupport_fastrtps_cppExport-noconfig.cmake
[3.945s] -- Installing: /home/hisa/ROS2/topic_communication_with_ps4controller/install/hello_interfaces/share/hello_interfaces/cmake/hello_interfaces__rosidl_typesupport_introspection_cppExport.cmake
[3.945s] -- Installing: /home/hisa/ROS2/topic_communication_with_ps4controller/install/hello_interfaces/share/hello_interfaces/cmake/hello_interfaces__rosidl_typesupport_introspection_cppExport-noconfig.cmake
[3.945s] -- Installing: /home/hisa/ROS2/topic_communication_with_ps4controller/install/hello_interfaces/share/hello_interfaces/cmake/hello_interfaces__rosidl_typesupport_cppExport.cmake
[3.945s] -- Installing: /home/hisa/ROS2/topic_communication_with_ps4controller/install/hello_interfaces/share/hello_interfaces/cmake/hello_interfaces__rosidl_typesupport_cppExport-noconfig.cmake
[3.945s] -- Installing: /home/hisa/ROS2/topic_communication_with_ps4controller/install/hello_interfaces/share/hello_interfaces/cmake/export_hello_interfaces__rosidl_generator_pyExport.cmake
[3.945s] -- Installing: /home/hisa/ROS2/topic_communication_with_ps4controller/install/hello_interfaces/share/hello_interfaces/cmake/export_hello_interfaces__rosidl_generator_pyExport-noconfig.cmake
[3.946s] -- Installing: /home/hisa/ROS2/topic_communication_with_ps4controller/install/hello_interfaces/share/hello_interfaces/cmake/rosidl_cmake-extras.cmake
[3.946s] -- Installing: /home/hisa/ROS2/topic_communication_with_ps4controller/install/hello_interfaces/share/hello_interfaces/cmake/ament_cmake_export_include_directories-extras.cmake
[3.946s] -- Installing: /home/hisa/ROS2/topic_communication_with_ps4controller/install/hello_interfaces/share/hello_interfaces/cmake/ament_cmake_export_libraries-extras.cmake
[3.946s] -- Installing: /home/hisa/ROS2/topic_communication_with_ps4controller/install/hello_interfaces/share/hello_interfaces/cmake/ament_cmake_export_targets-extras.cmake
[3.946s] -- Installing: /home/hisa/ROS2/topic_communication_with_ps4controller/install/hello_interfaces/share/hello_interfaces/cmake/rosidl_cmake_export_typesupport_targets-extras.cmake
[3.946s] -- Installing: /home/hisa/ROS2/topic_communication_with_ps4controller/install/hello_interfaces/share/hello_interfaces/cmake/ament_cmake_export_dependencies-extras.cmake
[3.946s] -- Installing: /home/hisa/ROS2/topic_communication_with_ps4controller/install/hello_interfaces/share/hello_interfaces/cmake/rosidl_cmake_export_typesupport_libraries-extras.cmake
[3.946s] -- Installing: /home/hisa/ROS2/topic_communication_with_ps4controller/install/hello_interfaces/share/hello_interfaces/cmake/hello_interfacesConfig.cmake
[3.947s] -- Installing: /home/hisa/ROS2/topic_communication_with_ps4controller/install/hello_interfaces/share/hello_interfaces/cmake/hello_interfacesConfig-version.cmake
[3.947s] -- Installing: /home/hisa/ROS2/topic_communication_with_ps4controller/install/hello_interfaces/share/hello_interfaces/package.xml
[3.949s] Invoked command in '/home/hisa/ROS2/topic_communication_with_ps4controller/build/hello_interfaces' returned '0': CMAKE_PREFIX_PATH=${CMAKE_PREFIX_PATH}:/opt/ros/jazzy DEBUGINFOD_URLS=https://debuginfod.ubuntu.com /usr/bin/cmake --install /home/hisa/ROS2/topic_communication_with_ps4controller/build/hello_interfaces
